Log file open, 06/25/18 16:47:10
LogWindows: Failed to load 'aqProf.dll' (GetLastError=126)
LogWindows: File 'aqProf.dll' does not exist
LogWindows: Failed to load 'VtuneApi.dll' (GetLastError=126)
LogWindows: File 'VtuneApi.dll' does not exist
LogWindows: Failed to load 'VtuneApi32e.dll' (GetLastError=126)
LogWindows: File 'VtuneApi32e.dll' does not exist
LogInit: Display: Running engine for game: Battle_Tonk
LogPlatformFile: Not using cached read wrapper
LogInit: Display: RandInit(-953188868) SRandInit(-953188868).
LogInit: Read version file with build ID '3944462'
LogInit: Overriding engine version to CL 4033788, compatible CL 3944462
LogInit: Registered custom module enumerator with build ID '3944462'
LogTaskGraph: Started task graph with 5 named threads and 23 total threads with 3 sets of task threads.
LogStats: Stats thread started at 0.263491
LogD3D11RHI: Aftermath initialized
LogICUInternationalization: Display: ICU TimeZone Detection - Raw Offset: -8:00, Platform Override: ''
LogPluginManager: Mounting plugin Paper2D
LogPluginManager: Mounting plugin LiveLink
LogPluginManager: Mounting plugin LightPropagationVolume
LogPluginManager: Mounting plugin CLionSourceCodeAccess
LogPluginManager: Mounting plugin CodeLiteSourceCodeAccess
LogPluginManager: Mounting plugin GitSourceControl
LogPluginManager: Mounting plugin KDevelopSourceCodeAccess
LogPluginManager: Mounting plugin NullSourceCodeAccess
LogPluginManager: Mounting plugin PerforceSourceControl
LogPluginManager: Mounting plugin SubversionSourceControl
LogPluginManager: Mounting plugin UObjectPlugin
LogPluginManager: Mounting plugin VisualStudioCodeSourceCodeAccess
LogPluginManager: Mounting plugin VisualStudioSourceCodeAccess
LogPluginManager: Mounting plugin XCodeSourceCodeAccess
LogPluginManager: Mounting plugin AssetManagerEditor
LogPluginManager: Mounting plugin CryptoKeys
LogPluginManager: Mounting plugin DataValidation
LogPluginManager: Mounting plugin FacialAnimation
LogPluginManager: Mounting plugin GameplayTagsEditor
LogPluginManager: Mounting plugin MobileLauncherProfileWizard
LogPluginManager: Mounting plugin PluginBrowser
LogPluginManager: Mounting plugin SpeedTreeImporter
LogPluginManager: Mounting plugin DatasmithContent
LogPluginManager: Mounting plugin AlembicImporter
LogPluginManager: Mounting plugin CharacterAI
LogPluginManager: Mounting plugin HTML5Networking
LogPluginManager: Mounting plugin AndroidMedia
LogPluginManager: Mounting plugin AvfMedia
LogPluginManager: Mounting plugin ImgMedia
LogPluginManager: Mounting plugin LinearTimecode
LogPluginManager: Mounting plugin MediaCompositing
LogPluginManager: Mounting plugin MediaPlayerEditor
LogPluginManager: Mounting plugin WmfMedia
LogPluginManager: Mounting plugin TcpMessaging
LogPluginManager: Mounting plugin UdpMessaging
LogPluginManager: Mounting plugin ActorSequence
LogPluginManager: Mounting plugin LevelSequenceEditor
LogPluginManager: Mounting plugin MatineeToLevelSequence
LogPluginManager: Mounting plugin NetcodeUnitTest
LogPluginManager: Mounting plugin NUTUnrealEngine4
LogPluginManager: Mounting plugin OnlineSubsystemGooglePlay
LogPluginManager: Mounting plugin OnlineSubsystemIOS
LogPluginManager: Mounting plugin OnlineSubsystem
LogPluginManager: Mounting plugin OnlineSubsystemNull
LogPluginManager: Mounting plugin OnlineSubsystemUtils
LogPluginManager: Mounting plugin AndroidDeviceProfileSelector
LogPluginManager: Mounting plugin AndroidMoviePlayer
LogPluginManager: Mounting plugin AndroidPermission
LogPluginManager: Mounting plugin AppleARKit
LogPluginManager: Mounting plugin AppleMoviePlayer
LogPluginManager: Mounting plugin ArchVisCharacter
LogPluginManager: Mounting plugin AudioCapture
LogPluginManager: Mounting plugin CableComponent
LogPluginManager: Mounting plugin CustomMeshComponent
LogPluginManager: Mounting plugin ExampleDeviceProfileSelector
LogPluginManager: Mounting plugin GoogleCloudMessaging
LogPluginManager: Mounting plugin ImmediatePhysics
LogPluginManager: Mounting plugin IOSDeviceProfileSelector
LogPluginManager: Mounting plugin LinuxDeviceProfileSelector
LogPluginManager: Mounting plugin LocationServicesBPLibrary
LogPluginManager: Mounting plugin MobilePatchingUtils
LogPluginManager: Mounting plugin OculusVR
LogPluginManager: Plugin shader directory ../../../Engine/Plugins/Runtime/Oculus/OculusVR/Shaders found
LogPluginManager: Mapping shader source directory ../../../Engine/Plugins/Runtime/Oculus/OculusVR/Shaders to virtual directory /Plugin/OculusVR
LogPluginManager: Mounting plugin PhysXVehicles
LogPluginManager: Mounting plugin ProceduralMeshComponent
LogPluginManager: Mounting plugin RuntimePhysXCooking
LogPluginManager: Mounting plugin SteamVR
LogPluginManager: Mounting plugin WindowsMoviePlayer
LogStreaming: Display: Took  0.097s to configure plugins.
LogModuleManager: Display: Found up-to-date module file ../../../../../Users/Daxx/Documents/GitHub/Battle_Tonk/Battle_Tonk/Binaries/Win64/UE4Editor-Battle_Tonk.dll (API version 3944462).
LogModuleManager: Display: Found up-to-date module file ../../../Engine/Plugins/2D/Paper2D/Binaries/Win64/UE4Editor-Paper2D.dll (API version 3944462).
LogModuleManager: Display: Found up-to-date module file ../../../Engine/Plugins/2D/Paper2D/Binaries/Win64/UE4Editor-Paper2DEditor.dll (API version 3944462).
LogModuleManager: Display: Found up-to-date module file ../../../Engine/Plugins/2D/Paper2D/Binaries/Win64/UE4Editor-PaperSpriteSheetImporter.dll (API version 3944462).
LogModuleManager: Display: Found up-to-date module file ../../../Engine/Plugins/2D/Paper2D/Binaries/Win64/UE4Editor-PaperTiledImporter.dll (API version 3944462).
LogModuleManager: Display: Found up-to-date module file ../../../Engine/Plugins/2D/Paper2D/Binaries/Win64/UE4Editor-SmartSnapping.dll (API version 3944462).
LogModuleManager: Display: Found up-to-date module file ../../../Engine/Plugins/Animation/LiveLink/Binaries/Win64/UE4Editor-LiveLink.dll (API version 3944462).
LogModuleManager: Display: Found up-to-date module file ../../../Engine/Plugins/Animation/LiveLink/Binaries/Win64/UE4Editor-LiveLinkEditor.dll (API version 3944462).
LogModuleManager: Display: Found up-to-date module file ../../../Engine/Plugins/Blendables/LightPropagationVolume/Binaries/Win64/UE4Editor-LightPropagationVolumeRuntime.dll (API version 3944462).
LogModuleManager: Display: Found up-to-date module file ../../../Engine/Plugins/Blendables/LightPropagationVolume/Binaries/Win64/UE4Editor-LightPropagationVolumeEditor.dll (API version 3944462).
LogModuleManager: Display: Found up-to-date module file ../../../Engine/Plugins/Developer/CLionSourceCodeAccess/Binaries/Win64/UE4Editor-CLionSourceCodeAccess.dll (API version 3944462).
LogModuleManager: Display: Found up-to-date module file ../../../Engine/Plugins/Developer/GitSourceControl/Binaries/Win64/UE4Editor-GitSourceControl.dll (API version 3944462).
LogModuleManager: Display: Found up-to-date module file ../../../Engine/Plugins/Developer/PerforceSourceControl/Binaries/Win64/UE4Editor-PerforceSourceControl.dll (API version 3944462).
LogModuleManager: Display: Found up-to-date module file ../../../Engine/Plugins/Developer/SubversionSourceControl/Binaries/Win64/UE4Editor-SubversionSourceControl.dll (API version 3944462).
LogModuleManager: Display: Found up-to-date module file ../../../Engine/Plugins/Developer/UObjectPlugin/Binaries/Win64/UE4Editor-UObjectPlugin.dll (API version 3944462).
LogModuleManager: Display: Found up-to-date module file ../../../Engine/Plugins/Developer/VisualStudioCodeSourceCodeAccess/Binaries/Win64/UE4Editor-VisualStudioCodeSourceCodeAccess.dll (API version 3944462).
LogModuleManager: Display: Found up-to-date module file ../../../Engine/Plugins/Developer/VisualStudioSourceCodeAccess/Binaries/Win64/UE4Editor-VisualStudioSourceCodeAccess.dll (API version 3944462).
LogModuleManager: Display: Found up-to-date module file ../../../Engine/Plugins/Editor/AssetManagerEditor/Binaries/Win64/UE4Editor-AssetManagerEditor.dll (API version 3944462).
LogModuleManager: Display: Found up-to-date module file ../../../Engine/Plugins/Editor/CryptoKeys/Binaries/Win64/UE4Editor-CryptoKeys.dll (API version 3944462).
LogModuleManager: Display: Found up-to-date module file ../../../Engine/Plugins/Editor/CryptoKeys/Binaries/Win64/UE4Editor-CryptoKeysOpenSSL.dll (API version 3944462).
LogModuleManager: Display: Found up-to-date module file ../../../Engine/Plugins/Editor/DataValidation/Binaries/Win64/UE4Editor-DataValidation.dll (API version 3944462).
LogModuleManager: Display: Found up-to-date module file ../../../Engine/Plugins/Editor/FacialAnimation/Binaries/Win64/UE4Editor-FacialAnimation.dll (API version 3944462).
LogModuleManager: Display: Found up-to-date module file ../../../Engine/Plugins/Editor/FacialAnimation/Binaries/Win64/UE4Editor-FacialAnimationEditor.dll (API version 3944462).
LogModuleManager: Display: Found up-to-date module file ../../../Engine/Plugins/Editor/GameplayTagsEditor/Binaries/Win64/UE4Editor-GameplayTagsEditor.dll (API version 3944462).
LogModuleManager: Display: Found up-to-date module file ../../../Engine/Plugins/Editor/MobileLauncherProfileWizard/Binaries/Win64/UE4Editor-MobileLauncherProfileWizard.dll (API version 3944462).
LogModuleManager: Display: Found up-to-date module file ../../../Engine/Plugins/Editor/PluginBrowser/Binaries/Win64/UE4Editor-PluginBrowser.dll (API version 3944462).
LogModuleManager: Display: Found up-to-date module file ../../../Engine/Plugins/Editor/SpeedTreeImporter/Binaries/Win64/UE4Editor-SpeedTreeImporter.dll (API version 3944462).
LogModuleManager: Display: Found up-to-date module file ../../../Engine/Plugins/Enterprise/DatasmithContent/Binaries/Win64/UE4Editor-DatasmithContent.dll (API version 3944462).
LogModuleManager: Display: Found up-to-date module file ../../../Engine/Plugins/Experimental/AlembicImporter/Binaries/Win64/UE4Editor-AlembicImporter.dll (API version 3944462).
LogModuleManager: Display: Found up-to-date module file ../../../Engine/Plugins/Experimental/AlembicImporter/Binaries/Win64/UE4Editor-AlembicLibrary.dll (API version 3944462).
LogModuleManager: Display: Found up-to-date module file ../../../Engine/Plugins/Experimental/CharacterAI/Binaries/Win64/UE4Editor-CharacterAI.dll (API version 3944462).
LogModuleManager: Display: Found up-to-date module file ../../../Engine/Plugins/Experimental/HTML5Networking/Binaries/Win64/UE4Editor-HTML5Networking.dll (API version 3944462).
LogModuleManager: Display: Found up-to-date module file ../../../Engine/Plugins/Media/AndroidMedia/Binaries/Win64/UE4Editor-AndroidMediaEditor.dll (API version 3944462).
LogModuleManager: Display: Found up-to-date module file ../../../Engine/Plugins/Media/AndroidMedia/Binaries/Win64/UE4Editor-AndroidMediaFactory.dll (API version 3944462).
LogModuleManager: Display: Found up-to-date module file ../../../Engine/Plugins/Media/AvfMedia/Binaries/Win64/UE4Editor-AvfMediaEditor.dll (API version 3944462).
LogModuleManager: Display: Found up-to-date module file ../../../Engine/Plugins/Media/AvfMedia/Binaries/Win64/UE4Editor-AvfMediaFactory.dll (API version 3944462).
LogModuleManager: Display: Found up-to-date module file ../../../Engine/Plugins/Media/AvfMedia/Binaries/Win64/UE4Editor-AvfMediaFactory.dll (API version 3944462).
LogModuleManager: Display: Found up-to-date module file ../../../Engine/Plugins/Media/ImgMedia/Binaries/Win64/UE4Editor-ImgMedia.dll (API version 3944462).
LogModuleManager: Display: Found up-to-date module file ../../../Engine/Plugins/Media/ImgMedia/Binaries/Win64/UE4Editor-ImgMediaEditor.dll (API version 3944462).
LogModuleManager: Display: Found up-to-date module file ../../../Engine/Plugins/Media/ImgMedia/Binaries/Win64/UE4Editor-ImgMediaFactory.dll (API version 3944462).
LogModuleManager: Display: Found up-to-date module file ../../../Engine/Plugins/Media/ImgMedia/Binaries/Win64/UE4Editor-ImgMediaFactory.dll (API version 3944462).
LogModuleManager: Display: Found up-to-date module file ../../../Engine/Plugins/Media/ImgMedia/Binaries/Win64/UE4Editor-OpenExrWrapper.dll (API version 3944462).
LogModuleManager: Display: Found up-to-date module file ../../../Engine/Plugins/Media/LinearTimecode/Binaries/Win64/UE4Editor-LinearTimecode.dll (API version 3944462).
LogModuleManager: Display: Found up-to-date module file ../../../Engine/Plugins/Media/MediaCompositing/Binaries/Win64/UE4Editor-MediaCompositing.dll (API version 3944462).
LogModuleManager: Display: Found up-to-date module file ../../../Engine/Plugins/Media/MediaCompositing/Binaries/Win64/UE4Editor-MediaCompositingEditor.dll (API version 3944462).
LogModuleManager: Display: Found up-to-date module file ../../../Engine/Plugins/Media/MediaPlayerEditor/Binaries/Win64/UE4Editor-MediaPlayerEditor.dll (API version 3944462).
LogModuleManager: Display: Found up-to-date module file ../../../Engine/Plugins/Media/WmfMedia/Binaries/Win64/UE4Editor-WmfMedia.dll (API version 3944462).
LogModuleManager: Display: Found up-to-date module file ../../../Engine/Plugins/Media/WmfMedia/Binaries/Win64/UE4Editor-WmfMediaEditor.dll (API version 3944462).
LogModuleManager: Display: Found up-to-date module file ../../../Engine/Plugins/Media/WmfMedia/Binaries/Win64/UE4Editor-WmfMediaFactory.dll (API version 3944462).
LogModuleManager: Display: Found up-to-date module file ../../../Engine/Plugins/Media/WmfMedia/Binaries/Win64/UE4Editor-WmfMediaFactory.dll (API version 3944462).
LogModuleManager: Display: Found up-to-date module file ../../../Engine/Plugins/Messaging/TcpMessaging/Binaries/Win64/UE4Editor-TcpMessaging.dll (API version 3944462).
LogModuleManager: Display: Found up-to-date module file ../../../Engine/Plugins/Messaging/UdpMessaging/Binaries/Win64/UE4Editor-UdpMessaging.dll (API version 3944462).
LogModuleManager: Display: Found up-to-date module file ../../../Engine/Plugins/MovieScene/ActorSequence/Binaries/Win64/UE4Editor-ActorSequence.dll (API version 3944462).
LogModuleManager: Display: Found up-to-date module file ../../../Engine/Plugins/MovieScene/LevelSequenceEditor/Binaries/Win64/UE4Editor-LevelSequenceEditor.dll (API version 3944462).
LogModuleManager: Display: Found up-to-date module file ../../../Engine/Plugins/MovieScene/MatineeToLevelSequence/Binaries/Win64/UE4Editor-MatineeToLevelSequence.dll (API version 3944462).
LogModuleManager: Display: Found up-to-date module file ../../../Engine/Plugins/NetcodeUnitTest/NetcodeUnitTest/Binaries/Win64/UE4Editor-NetcodeUnitTest.dll (API version 3944462).
LogModuleManager: Display: Found up-to-date module file ../../../Engine/Plugins/NetcodeUnitTest/NUTUnrealEngine4/Binaries/Win64/UE4Editor-NUTUnrealEngine4.dll (API version 3944462).
LogModuleManager: Display: Found up-to-date module file ../../../Engine/Plugins/Online/OnlineSubsystem/Binaries/Win64/UE4Editor-OnlineSubsystem.dll (API version 3944462).
LogModuleManager: Display: Found up-to-date module file ../../../Engine/Plugins/Online/OnlineSubsystemNull/Binaries/Win64/UE4Editor-OnlineSubsystemNull.dll (API version 3944462).
LogModuleManager: Display: Found up-to-date module file ../../../Engine/Plugins/Online/OnlineSubsystemUtils/Binaries/Win64/UE4Editor-OnlineSubsystemUtils.dll (API version 3944462).
LogModuleManager: Display: Found up-to-date module file ../../../Engine/Plugins/Online/OnlineSubsystemUtils/Binaries/Win64/UE4Editor-OnlineBlueprintSupport.dll (API version 3944462).
LogModuleManager: Display: Found up-to-date module file ../../../Engine/Plugins/Runtime/AndroidDeviceProfileSelector/Binaries/Win64/UE4Editor-AndroidDeviceProfileSelector.dll (API version 3944462).
LogModuleManager: Display: Found up-to-date module file ../../../Engine/Plugins/Runtime/AndroidPermission/Binaries/Win64/UE4Editor-AndroidPermission.dll (API version 3944462).
LogModuleManager: Display: Found up-to-date module file ../../../Engine/Plugins/Runtime/AppleARKit/Binaries/Win64/UE4Editor-AppleARKit.dll (API version 3944462).
LogModuleManager: Display: Found up-to-date module file ../../../Engine/Plugins/Runtime/ArchVisCharacter/Binaries/Win64/UE4Editor-ArchVisCharacter.dll (API version 3944462).
LogModuleManager: Display: Found up-to-date module file ../../../Engine/Plugins/Runtime/AudioCapture/Binaries/Win64/UE4Editor-AudioCapture.dll (API version 3944462).
LogModuleManager: Display: Found up-to-date module file ../../../Engine/Plugins/Runtime/AudioCapture/Binaries/Win64/UE4Editor-AudioCaptureEditor.dll (API version 3944462).
LogModuleManager: Display: Found up-to-date module file ../../../Engine/Plugins/Runtime/CableComponent/Binaries/Win64/UE4Editor-CableComponent.dll (API version 3944462).
LogModuleManager: Display: Found up-to-date module file ../../../Engine/Plugins/Runtime/CustomMeshComponent/Binaries/Win64/UE4Editor-CustomMeshComponent.dll (API version 3944462).
LogModuleManager: Display: Found up-to-date module file ../../../Engine/Plugins/Runtime/ExampleDeviceProfileSelector/Binaries/Win64/UE4Editor-ExampleDeviceProfileSelector.dll (API version 3944462).
LogModuleManager: Display: Found up-to-date module file ../../../Engine/Plugins/Runtime/ImmediatePhysics/Binaries/Win64/UE4Editor-ImmediatePhysics.dll (API version 3944462).
LogModuleManager: Display: Found up-to-date module file ../../../Engine/Plugins/Runtime/ImmediatePhysics/Binaries/Win64/UE4Editor-ImmediatePhysicsEditor.dll (API version 3944462).
LogModuleManager: Display: Found up-to-date module file ../../../Engine/Plugins/Runtime/LocationServicesBPLibrary/Binaries/Win64/UE4Editor-LocationServicesBPLibrary.dll (API version 3944462).
LogModuleManager: Display: Found up-to-date module file ../../../Engine/Plugins/Runtime/MobilePatchingUtils/Binaries/Win64/UE4Editor-MobilePatchingUtils.dll (API version 3944462).
LogModuleManager: Display: Found up-to-date module file ../../../Engine/Plugins/Runtime/Oculus/OculusVR/Binaries/Win64/UE4Editor-OculusHMD.dll (API version 3944462).
LogModuleManager: Display: Found up-to-date module file ../../../Engine/Plugins/Runtime/Oculus/OculusVR/Binaries/Win64/UE4Editor-OculusInput.dll (API version 3944462).
LogModuleManager: Display: Found up-to-date module file ../../../Engine/Plugins/Runtime/Oculus/OculusVR/Binaries/Win64/UE4Editor-OculusEditor.dll (API version 3944462).
LogModuleManager: Display: Found up-to-date module file ../../../Engine/Plugins/Runtime/PhysXVehicles/Binaries/Win64/UE4Editor-PhysXVehicles.dll (API version 3944462).
LogModuleManager: Display: Found up-to-date module file ../../../Engine/Plugins/Runtime/PhysXVehicles/Binaries/Win64/UE4Editor-PhysXVehiclesEditor.dll (API version 3944462).
LogModuleManager: Display: Found up-to-date module file ../../../Engine/Plugins/Runtime/ProceduralMeshComponent/Binaries/Win64/UE4Editor-ProceduralMeshComponent.dll (API version 3944462).
LogModuleManager: Display: Found up-to-date module file ../../../Engine/Plugins/Runtime/ProceduralMeshComponent/Binaries/Win64/UE4Editor-ProceduralMeshComponentEditor.dll (API version 3944462).
LogModuleManager: Display: Found up-to-date module file ../../../Engine/Plugins/Runtime/RuntimePhysXCooking/Binaries/Win64/UE4Editor-RuntimePhysXCooking.dll (API version 3944462).
LogModuleManager: Display: Found up-to-date module file ../../../Engine/Plugins/Runtime/Steam/SteamVR/Binaries/Win64/UE4Editor-SteamVR.dll (API version 3944462).
LogModuleManager: Display: Found up-to-date module file ../../../Engine/Plugins/Runtime/Steam/SteamVR/Binaries/Win64/UE4Editor-SteamVRController.dll (API version 3944462).
LogModuleManager: Display: Found up-to-date module file ../../../Engine/Plugins/Runtime/WindowsMoviePlayer/Binaries/Win64/UE4Editor-WindowsMoviePlayer.dll (API version 3944462).
LogInit: Using libcurl 7.47.1
LogInit:  - built for x86_64-pc-win32
LogInit:  - supports SSL with OpenSSL/1.0.2g
LogInit:  - supports HTTP deflate (compression) using libz 1.2.8
LogInit:  - other features:
LogInit:      CURL_VERSION_SSL
LogInit:      CURL_VERSION_LIBZ
LogInit:      CURL_VERSION_IPV6
LogInit:      CURL_VERSION_ASYNCHDNS
LogInit:      CURL_VERSION_LARGEFILE
LogInit:      CURL_VERSION_IDN
LogInit:  CurlRequestOptions (configurable via config and command line):
LogInit:  - bVerifyPeer = false  - Libcurl will NOT verify peer certificate
LogInit:  - bUseHttpProxy = false  - Libcurl will NOT use HTTP proxy
LogInit:  - bDontReuseConnections = false  - Libcurl will reuse connections
LogInit:  - CertBundlePath = nullptr  - Libcurl will use whatever was configured at build time.
LogInit:  - MaxHostConnections = 16  - Libcurl will limit the number of connections to a host
LogInit:  - LocalHostAddr = Default
LogInit: WinSock: version 1.1 (2.2), MaxSocks=32767, MaxUdp=65467
LogInit: WinSock: I am Daxx-PC (192.168.0.11:0)
LogInit: Build: ++UE4+Release-4.19-CL-4033788
LogInit: Engine Version: 4.19.2-4033788+++UE4+Release-4.19
LogInit: Compatible Engine Version: 4.19.0-3944462+++UE4+Release-4.19
LogInit: Net CL: 3944462
LogDevObjectVersion: Number of dev versions registered: 18
LogDevObjectVersion:   Dev-Blueprints (B0D832E4-1F89-4F0D-ACCF-7EB736FD4AA2): 10
LogDevObjectVersion:   Dev-Build (E1C64328-A22C-4D53-A36C-8E866417BD8C): 0
LogDevObjectVersion:   Dev-Core (375EC13C-06E4-48FB-B500-84F0262A717E): 2
LogDevObjectVersion:   Dev-Editor (E4B068ED-F494-42E9-A231-DA0B2E46BB41): 23
LogDevObjectVersion:   Dev-Framework (CFFC743F-43B0-4480-9391-14DF171D2073): 33
LogDevObjectVersion:   Dev-Mobile (B02B49B5-BB20-44E9-A304-32B752E40360): 2
LogDevObjectVersion:   Dev-Networking (A4E4105C-59A1-49B5-A7C5-40C4547EDFEE): 0
LogDevObjectVersion:   Dev-Online (39C831C9-5AE6-47DC-9A44-9C173E1C8E7C): 0
LogDevObjectVersion:   Dev-Physics (78F01B33-EBEA-4F98-B9B4-84EACCB95AA2): 0
LogDevObjectVersion:   Dev-Platform (6631380F-2D4D-43E0-8009-CF276956A95A): 0
LogDevObjectVersion:   Dev-Rendering (12F88B9F-8875-4AFC-A67C-D90C383ABD29): 25
LogDevObjectVersion:   Dev-Sequencer (7B5AE74C-D270-4C10-A958-57980B212A5A): 6
LogDevObjectVersion:   Dev-VR (D7296918-1DD6-4BDD-9DE2-64A83CC13884): 1
LogDevObjectVersion:   Dev-LoadTimes (C2A15278-BFE7-4AFE-6C17-90FF531DF755): 1
LogDevObjectVersion:   Private-Geometry (6EACA3D4-40EC-4CC1-B786-8BED09428FC5): 2
LogDevObjectVersion:   Dev-AnimPhys (29E575DD-E0A3-4627-9D10-D276232CDCEA): 16
LogDevObjectVersion:   Dev-ReflectionCapture (6B266CEC-1EC7-4B8F-A30B-E4D90942FC07): 1
LogDevObjectVersion:   Dev-Automation (0DF73D61-A23F-47EA-B727-89E90C41499A): 1
LogInit: Compiled (64-bit): Apr 27 2018 02:06:57
LogInit: Compiled with Visual C++: 19.00.24215.01
LogInit: Build Configuration: Development
LogInit: Branch Name: ++UE4+Release-4.19
LogInit: Command Line: -EpicPortal 
LogInit: Base Directory: C:/UnrealEngine/UE_4.19/Engine/Binaries/Win64/
LogInit: Installed Engine Build: 1
LogStreaming: Display: Took  0.000s to delete old logs.
LogInit: Presizing for max 8388607 objects, including 0 objects not considered by GC, pre-allocating 0 bytes for permanent pool.
LogInit: Object subsystem initialized
[2018.06.25-23.47.11:891][  0]LogInit: Selected Device Profile: [Windows]
[2018.06.25-23.47.11:891][  0]LogInit: Applying CVar settings loaded from the selected device profile: [Windows]
[2018.06.25-23.47.11:908][  0]LogInit: Computer: DAXX-PC
[2018.06.25-23.47.11:908][  0]LogInit: User: Daxx
[2018.06.25-23.47.11:908][  0]LogInit: CPU Page size=4096, Cores=4
[2018.06.25-23.47.11:908][  0]LogInit: High frequency timer resolution =3.897232 MHz
[2018.06.25-23.47.11:909][  0]LogMemory: Memory total: Physical=15.8GB (16GB approx)
[2018.06.25-23.47.11:909][  0]LogMemory: Platform Memory Stats for Windows
[2018.06.25-23.47.11:909][  0]LogMemory: Process Physical Memory: 273.38 MB used, 273.38 MB peak
[2018.06.25-23.47.11:909][  0]LogMemory: Process Virtual Memory: 264.53 MB used, 264.53 MB peak
[2018.06.25-23.47.11:909][  0]LogMemory: Physical Memory: 8574.46 MB used,  7623.85 MB free, 16198.32 MB total
[2018.06.25-23.47.11:909][  0]LogMemory: Virtual Memory: 4794.14 MB used,  7623.85 MB free, 134217728.00 MB total
[2018.06.25-23.47.11:922][  0]LogInit: Using OS detected language (en-US).
[2018.06.25-23.47.11:922][  0]LogInit: Using OS detected locale (en-US).
[2018.06.25-23.47.11:925][  0]LogTextLocalizationManager: No specific localization for 'en-US' exists, so the 'en' localization will be used.
[2018.06.25-23.47.12:353][  0]LogStreaming: Display: Took  0.431s to EndInitTextLocalization.
[2018.06.25-23.47.12:353][  0]LogInit: Setting process to per monitor DPI aware
[2018.06.25-23.47.12:381][  0]LogSlate: New Slate User Created.  User Index 0, Is Virtual User: 0
[2018.06.25-23.47.12:381][  0]LogSlate: Slate User Registered.  User Index 0, Is Virtual User: 0
[2018.06.25-23.47.12:556][  0]LogD3D11RHI: D3D11 adapters:
[2018.06.25-23.47.12:603][  0]LogD3D11RHI:    0. 'NVIDIA GeForce GTX 1080 Ti' (Feature Level 11_0)
[2018.06.25-23.47.12:603][  0]LogD3D11RHI:       11127/0/8099 MB DedicatedVideo/DedicatedSystem/SharedSystem, Outputs:1, VendorId:0x10de
[2018.06.25-23.47.12:609][  0]LogD3D11RHI:    1. 'Intel(R) HD Graphics 4600' (Feature Level 11_0)
[2018.06.25-23.47.12:609][  0]LogD3D11RHI:       112/0/2048 MB DedicatedVideo/DedicatedSystem/SharedSystem, Outputs:0, VendorId:0x8086
[2018.06.25-23.47.12:611][  0]LogD3D11RHI:    2. 'Microsoft Basic Render Driver' (Feature Level 11_0)
[2018.06.25-23.47.12:611][  0]LogD3D11RHI:       0/0/8099 MB DedicatedVideo/DedicatedSystem/SharedSystem, Outputs:0, VendorId:0x1414
[2018.06.25-23.47.12:611][  0]LogD3D11RHI: Chosen D3D11 Adapter: 0
[2018.06.25-23.47.12:619][  0]LogD3D11RHI: Creating new Direct3DDevice
[2018.06.25-23.47.12:619][  0]LogD3D11RHI:     GPU DeviceId: 0x1b06 (for the marketing name, search the web for "GPU Device Id")
[2018.06.25-23.47.12:619][  0]LogWindows: EnumDisplayDevices:
[2018.06.25-23.47.12:619][  0]LogWindows:    0. 'NVIDIA GeForce GTX 1080 Ti' (P:1 D:1)
[2018.06.25-23.47.12:619][  0]LogWindows:    1. 'NVIDIA GeForce GTX 1080 Ti' (P:0 D:0)
[2018.06.25-23.47.12:619][  0]LogWindows:    2. 'NVIDIA GeForce GTX 1080 Ti' (P:0 D:0)
[2018.06.25-23.47.12:619][  0]LogWindows:    3. 'NVIDIA GeForce GTX 1080 Ti' (P:0 D:0)
[2018.06.25-23.47.12:619][  0]LogWindows:    4. 'Intel(R) HD Graphics 4600' (P:0 D:0)
[2018.06.25-23.47.12:620][  0]LogWindows:    5. 'Intel(R) HD Graphics 4600' (P:0 D:0)
[2018.06.25-23.47.12:620][  0]LogWindows:    6. 'Intel(R) HD Graphics 4600' (P:0 D:0)
[2018.06.25-23.47.12:620][  0]LogWindows: DebugString: GetVideoDriverDetailsInvalid PrimaryIsNotTheChoosenAdapter GetVideoDriverDetailsInvalid PrimaryIsNotTheChoosenAdapter GetVideoDriverDetailsInvalid PrimaryIsNotTheChoosenAdapter GetVideoDriverDetailsInvalid PrimaryIsNotTheChoosenAdapter GetVideoDriverDetailsInvalid PrimaryIsNotTheChoosenAdapter GetVideoDriverDetailsInvalid PrimaryIsNotTheChoosenAdapter GetVideoDriverDetailsInvalid PrimaryIsNotTheChoosenAdapter FoundDriverCount:0 
[2018.06.25-23.47.12:620][  0]LogD3D11RHI:     Adapter Name: NVIDIA GeForce GTX 1080 Ti
[2018.06.25-23.47.12:620][  0]LogD3D11RHI:   Driver Version: Unknown (internal:Unknown, unified:Unknown)
[2018.06.25-23.47.12:620][  0]LogD3D11RHI:      Driver Date: Unknown
[2018.06.25-23.47.12:620][  0]LogRHI: Texture pool is 7788 MB (70% of 11127 MB)
[2018.06.25-23.47.12:651][  0]LogD3D11RHI: [Aftermath] Aftermath enabled and primed
[2018.06.25-23.47.12:651][  0]LogD3D11RHI: [Aftermath] Aftermath enabled and primed
[2018.06.25-23.47.12:651][  0]LogD3D11RHI: Async texture creation enabled
[2018.06.25-23.47.12:669][  0]LogD3D11RHI: GPU Timing Frequency: 1000.000000 (Debug: 2 2)
[2018.06.25-23.47.12:717][  0]LogShaderCompilers: Guid format shader working directory is -22 characters bigger than the processId version (../../../../../Users/Daxx/Documents/GitHub/Battle_Tonk/Battle_Tonk/Intermediate/Shaders/WorkingDirectory/18200/).
[2018.06.25-23.47.12:717][  0]LogShaderCompilers: Cleaned the shader compiler working directory 'C:/Users/Daxx/AppData/Local/Temp/UnrealShaderWorkingDir/138BC09D43A7C7AA8FE783B8DB29553F/'.
[2018.06.25-23.47.12:915][  0]LogTemp: Display: Loaded TP AllDesktopTargetPlatform
[2018.06.25-23.47.12:928][  0]LogTemp: Display: Loaded TP MacClientTargetPlatform
[2018.06.25-23.47.12:939][  0]LogTemp: Display: Loaded TP MacNoEditorTargetPlatform
[2018.06.25-23.47.12:951][  0]LogTemp: Display: Loaded TP MacServerTargetPlatform
[2018.06.25-23.47.12:962][  0]LogTemp: Display: Loaded TP MacTargetPlatform
[2018.06.25-23.47.12:974][  0]LogTemp: Display: Loaded TP WindowsClientTargetPlatform
[2018.06.25-23.47.12:987][  0]LogTemp: Display: Loaded TP WindowsNoEditorTargetPlatform
[2018.06.25-23.47.12:999][  0]LogTemp: Display: Loaded TP WindowsServerTargetPlatform
[2018.06.25-23.47.13:006][  0]LogTemp: Display: Loaded TP WindowsTargetPlatform
[2018.06.25-23.47.13:017][  0]LogTemp: Display: Loaded TP Android_ASTCTargetPlatform
[2018.06.25-23.47.13:028][  0]LogTemp: Display: Loaded TP Android_ATCTargetPlatform
[2018.06.25-23.47.13:038][  0]LogTemp: Display: Loaded TP Android_DXTTargetPlatform
[2018.06.25-23.47.13:048][  0]LogTemp: Display: Loaded TP Android_ETC1aTargetPlatform
[2018.06.25-23.47.13:059][  0]LogTemp: Display: Loaded TP Android_ETC1TargetPlatform
[2018.06.25-23.47.13:071][  0]LogTemp: Display: Loaded TP Android_ETC2TargetPlatform
[2018.06.25-23.47.13:092][  0]LogTemp: Display: Loaded TP Android_MultiTargetPlatform
[2018.06.25-23.47.13:092][  0]LogTemp: Display: Loaded TP Android_PVRTCTargetPlatform
[2018.06.25-23.47.13:103][  0]LogTemp: Display: Loaded TP AndroidTargetPlatform
[2018.06.25-23.47.13:104][  0]LogTemp: Display: Loaded TP HTML5TargetPlatform
[2018.06.25-23.47.13:139][  0]LogTemp: Display: Loaded TP IOSTargetPlatform
[2018.06.25-23.47.13:149][  0]LogTemp: Display: Loaded TP TVOSTargetPlatform
[2018.06.25-23.47.13:160][  0]LogTemp: Display: Loaded TP LinuxClientTargetPlatform
[2018.06.25-23.47.13:172][  0]LogTemp: Display: Loaded TP LinuxNoEditorTargetPlatform
[2018.06.25-23.47.13:182][  0]LogTemp: Display: Loaded TP LinuxServerTargetPlatform
[2018.06.25-23.47.13:194][  0]LogTemp: Display: Loaded TP LinuxTargetPlatform
[2018.06.25-23.47.13:194][  0]LogTargetPlatformManager: Display: Building Assets For Windows
[2018.06.25-23.47.13:282][  0]LogXGEController: Cannot use XGE Controller as Incredibuild is not installed on this machine.
[2018.06.25-23.47.13:282][  0]LogShaderCompilers: Cannot use XGE Shader Compiler as Incredibuild is not installed on this machine.
[2018.06.25-23.47.13:282][  0]LogShaderCompilers: Display: Using Local Shader Compiler.
[2018.06.25-23.47.13:936][  0]LogDerivedDataCache: Display: Max Cache Size: 512 MB
[2018.06.25-23.47.14:013][  0]LogDerivedDataCache: Loaded boot cache 0.08s 74MB C:/Users/Daxx/AppData/Local/UnrealEngine/4.19/DerivedDataCache/Boot.ddc.
[2018.06.25-23.47.14:013][  0]LogDerivedDataCache: Display: Loaded Boot cache: C:/Users/Daxx/AppData/Local/UnrealEngine/4.19/DerivedDataCache/Boot.ddc
[2018.06.25-23.47.14:013][  0]LogDerivedDataCache: FDerivedDataBackendGraph:  Pak pak cache file ../../../../../Users/Daxx/Documents/GitHub/Battle_Tonk/Battle_Tonk/DerivedDataCache/DDC.ddp not found, will not use a pak cache.
[2018.06.25-23.47.14:013][  0]LogDerivedDataCache: Unable to find inner node Pak for hierarchical cache Hierarchy.
[2018.06.25-23.47.14:013][  0]LogDerivedDataCache: FDerivedDataBackendGraph:  CompressedPak pak cache file ../../../../../Users/Daxx/Documents/GitHub/Battle_Tonk/Battle_Tonk/DerivedDataCache/Compressed.ddp not found, will not use a pak cache.
[2018.06.25-23.47.14:013][  0]LogDerivedDataCache: Unable to find inner node CompressedPak for hierarchical cache Hierarchy.
[2018.06.25-23.47.14:032][  0]LogDerivedDataCache: Display: Pak cache opened for reading ../../../Engine/DerivedDataCache/Compressed.ddp.
[2018.06.25-23.47.14:049][  0]LogDerivedDataCache: Using Local data cache path C:/Users/Daxx/AppData/Local/UnrealEngine/Common/DerivedDataCache: Writable
[2018.06.25-23.47.14:049][  0]LogDerivedDataCache: Shared data cache path not found in *engine.ini, will not use an Shared cache.
[2018.06.25-23.47.14:049][  0]LogDerivedDataCache: Unable to find inner node Shared for hierarchical cache Hierarchy.
[2018.06.25-23.47.14:065][  0]LogMaterial: Verifying Global Shaders for PCD3D_SM5
[2018.06.25-23.47.14:066][  0]LogSlate: Using Freetype 2.6.0
[2018.06.25-23.47.14:066][  0]LogSlate: SlateFontCache - WITH_FREETYPE: 1, WITH_HARFBUZZ: 1
[2018.06.25-23.47.14:067][  0]LogSlate: SlateFontCache - WITH_FREETYPE: 1, WITH_HARFBUZZ: 1
[2018.06.25-23.47.14:208][  0]LogAssetRegistry: FAssetRegistry took 0.0258 seconds to start up
[2018.06.25-23.47.14:521][  0]LogInit: Selected Device Profile: [Windows]
[2018.06.25-23.47.14:679][  0]LogSimplygon: Simplygon DLL not present - disabling.
[2018.06.25-23.47.14:683][  0]LogMeshReduction: Using SimplygonSwarm for distributed automatic mesh merging
[2018.06.25-23.47.14:683][  0]LogMeshReduction: Using QuadricMeshReduction for automatic static mesh reduction
[2018.06.25-23.47.14:683][  0]LogMeshReduction: No automatic skeletal mesh reduction module available
[2018.06.25-23.47.14:683][  0]LogMeshReduction: No automatic mesh merging module available
[2018.06.25-23.47.14:683][  0]LogMeshMerging: No automatic mesh merging module available
[2018.06.25-23.47.14:722][  0]LogNetVersion: Battle_Tonk , NetCL: 3944462, EngineNetVer: 2, GameNetVer: 0 (Checksum: 3225371091)
[2018.06.25-23.47.15:456][  0]LogPackageLocalizationCache: Processed 9 localized package path(s) for 2 prioritized culture(s) in 0.177296 seconds
[2018.06.25-23.47.15:467][  0]LogUObjectArray: 36728 objects as part of root set at end of initial load.
[2018.06.25-23.47.15:467][  0]LogUObjectAllocator: 7314312 out of 0 bytes used by permanent object pool.
[2018.06.25-23.47.15:467][  0]LogUObjectArray: CloseDisregardForGC: 0/0 objects in disregard for GC pool
[2018.06.25-23.47.17:544][  0]LogTcpMessaging: Initializing TcpMessaging bridge
[2018.06.25-23.47.17:582][  0]LogUdpMessaging: Initializing bridge on interface 0.0.0.0:0 to multicast group 230.0.0.1:6666.
[2018.06.25-23.47.18:046][  0]SourceControl: Source control is disabled
[2018.06.25-23.47.18:046][  0]SourceControl: Source control is disabled
[2018.06.25-23.47.18:072][  0]SourceControl: Source control is disabled
[2018.06.25-23.47.18:098][  0]SourceControl: Source control is disabled
[2018.06.25-23.47.18:748][  0]LogAndroidPermission: UAndroidPermissionCallbackProxy::GetInstance
[2018.06.25-23.47.19:118][  0]LogOcInput: OculusInput pre-init called
[2018.06.25-23.47.19:268][  0]LogEngine: Initializing Engine...
[2018.06.25-23.47.23:900][  0]LogHMD: SteamVR initialized.  Driver: lighthouse  Display: LHR-AB243745
[2018.06.25-23.47.23:902][  0]LogStats: UGameplayTagsManager::ConstructGameplayTagTree: Construct from data asset -  0.000 s
[2018.06.25-23.47.23:902][  0]LogStats: UGameplayTagsManager::ConstructGameplayTagTree: GameplayTagTreeChangedEvent.Broadcast -  0.000 s
[2018.06.25-23.47.24:129][  0]LogAIModule: Creating AISystem for world Untitled
[2018.06.25-23.47.24:222][  0]LogInit: XAudio2 using 'Headset Earphone (ASTRO Wireless Transmitter )' : 2 channels at 48 kHz using 16 bits per sample (channel mask 0x3)
[2018.06.25-23.47.24:236][  0]LogInit: FAudioDevice initialized.
[2018.06.25-23.47.24:344][  0]LogDerivedDataCache: Saved boot cache 0.11s 74MB C:/Users/Daxx/AppData/Local/UnrealEngine/4.19/DerivedDataCache/Boot.ddc.
[2018.06.25-23.47.24:363][  0]LogInit: Texture streaming: Enabled
[2018.06.25-23.47.24:377][  0]LogEngineSessionManager: EngineSessionManager initialized
[2018.06.25-23.47.24:389][  0]LogInit: Transaction tracking system initialized
[2018.06.25-23.47.24:408][  0]BlueprintLog: New page: Editor Load
[2018.06.25-23.47.24:467][  0]LocalizationService: Localization service is disabled
[2018.06.25-23.47.24:558][  0]LogConsoleResponse: Display: 
[2018.06.25-23.47.24:716][  0]LogCook: Display: Max memory allowance for cook 16384mb min free memory 0mb
[2018.06.25-23.47.24:716][  0]LogCook: Display: Mobile HDR setting 1
[2018.06.25-23.47.24:716][  0]LogGameplayTags: Display: UGameplayTagsManager::DoneAddingNativeTags. DelegateIsBound: 0
[2018.06.25-23.47.24:716][  0]LogStats: UGameplayTagsManager::ConstructGameplayTagTree: Construct from data asset -  0.000 s
[2018.06.25-23.47.24:716][  0]LogStats: UGameplayTagsManager::ConstructGameplayTagTree: GameplayTagTreeChangedEvent.Broadcast -  0.000 s
[2018.06.25-23.47.25:016][  0]LogFileCache: Scanning file cache for directory 'C:/Users/Daxx/Documents/GitHub/Battle_Tonk/Battle_Tonk/Content/' took 0.02s
[2018.06.25-23.47.25:022][  0]SourceControl: Source control is disabled
[2018.06.25-23.47.25:022][  0]Cmd: MAP LOAD FILE="../../../../../Users/Daxx/Documents/GitHub/Battle_Tonk/Battle_Tonk/Content/StarterContent/Maps/Minimal_Default.umap" TEMPLATE=0 SHOWPROGRESS=1 FEATURELEVEL=3
[2018.06.25-23.47.25:022][  0]LightingResults: New page: Lighting Build
[2018.06.25-23.47.25:025][  0]MapCheck: New page: Map Check
[2018.06.25-23.47.25:025][  0]LightingResults: New page: Lighting Build
[2018.06.25-23.47.25:548][  0]LogAIModule: Creating AISystem for world Minimal_Default
[2018.06.25-23.47.25:559][  0]LogEditorServer: Finished looking for orphan Actors (0.000 secs)
[2018.06.25-23.47.25:574][  0]Cmd: MAP CHECKDEP NOCLEARLOG
[2018.06.25-23.47.25:624][  0]MapCheck: Map check complete: 0 Error(s), 0 Warning(s), took 49.537ms to complete.
[2018.06.25-23.47.25:624][  0]LogFileHelpers: Loading map 'Minimal_Default' took 0.601
[2018.06.25-23.47.25:752][  0]LogCollectionManager: Loaded 0 collections in 0.001110 seconds
[2018.06.25-23.47.25:792][  0]LogFileCache: Scanning file cache for directory 'C:/Users/Daxx/Documents/GitHub/Battle_Tonk/Battle_Tonk/Saved/Collections/' took 0.01s
[2018.06.25-23.47.25:792][  0]LogFileCache: Scanning file cache for directory 'C:/Users/Daxx/Documents/GitHub/Battle_Tonk/Battle_Tonk/Content/Developers/Daxx/Collections/' took 0.01s
[2018.06.25-23.47.25:792][  0]LogFileCache: Scanning file cache for directory 'C:/Users/Daxx/Documents/GitHub/Battle_Tonk/Battle_Tonk/Content/Collections/' took 0.01s
[2018.06.25-23.47.25:792][  0]LogCollectionManager: Rebuilt the GUID cache for 0 collections in 0.000000 seconds
[2018.06.25-23.47.25:801][  0]LogContentBrowser: Native class hierarchy populated in 0.0082 seconds. Added 2453 classes and 560 folders.
[2018.06.25-23.47.25:806][  0]LogContentBrowser: Native class hierarchy updated for 'WidgetCarousel' in 0.0006 seconds. Added 0 classes and 0 folders.
[2018.06.25-23.47.26:153][  0]LogContentBrowser: Native class hierarchy updated for 'AddContentDialog' in 0.0007 seconds. Added 0 classes and 0 folders.
[2018.06.25-23.47.26:163][  0]LogContentBrowser: Native class hierarchy updated for 'SceneOutliner' in 0.0006 seconds. Added 1 classes and 2 folders.
[2018.06.25-23.47.26:186][  0]LogSlate: Took 0.000394 seconds to synchronously load lazily loaded font '../../../Engine/Content/Slate/Fonts/Roboto-Regular.ttf' (155K)
[2018.06.25-23.47.26:190][  0]LogSlate: Took 0.000356 seconds to synchronously load lazily loaded font '../../../Engine/Content/Slate/Fonts/Roboto-Bold.ttf' (160K)
[2018.06.25-23.47.26:199][  0]LogSlate: Took 0.005830 seconds to synchronously load lazily loaded font '../../../Engine/Content/Editor/Slate/Fonts/FontAwesome.ttf' (139K)
[2018.06.25-23.47.26:287][  0]LogRenderer: Reallocating scene render targets to support 1296x612 Format 10 NumSamples 1 (Frame:1).
[2018.06.25-23.47.26:437][  0]LogContentBrowser: Native class hierarchy updated for 'HierarchicalLODOutliner' in 0.0007 seconds. Added 0 classes and 0 folders.
[2018.06.25-23.47.26:437][  0]LogLoad: (Engine Initialization) Total time: 17.03 seconds
[2018.06.25-23.47.26:437][  0]LogLoad: (Engine Initialization) Total Blueprint compile time: 0.00 seconds
[2018.06.25-23.47.26:796][  0]LogContentStreaming: Texture pool size now 1000 MB
[2018.06.25-23.47.26:825][  0]LogSlate: Took 0.003876 seconds to synchronously load lazily loaded font '../../../Engine/Content/Slate/Fonts/Roboto-Light.ttf' (167K)
[2018.06.25-23.47.27:116][  1]LogAssetRegistry: Asset discovery search completed in 12.9305 seconds
[2018.06.25-23.47.27:118][  1]LogCollectionManager: Rebuilt the object cache for 0 collections in 0.000000 seconds (found 0 objects)
[2018.06.25-23.47.27:118][  1]LogCollectionManager: Fixed up redirectors for 0 collections in 0.000055 seconds (updated 0 objects)
[2018.06.25-23.48.10:339][715]LogSlate: FSceneViewport::OnFocusLost() reason 0
[2018.06.25-23.54.15:864][328]LogSlate: Only BGRA pngs, bmps or icos are supported in by External Image Picker
[2018.06.25-23.54.15:995][329]LogTemp: Executing iPhonePackager certificates Engine -bundlename com.YourCompany.BattleTonk
[2018.06.25-23.54.15:995][329]LogTemp: CWD: C:\UnrealEngine\UE_4.19\Engine\Binaries\DotNET\IOS
[2018.06.25-23.54.15:995][329]LogTemp: Initial Dir: C:\UnrealEngine\UE_4.19
[2018.06.25-23.54.15:996][329]LogTemp: Env CWD: C:\UnrealEngine\UE_4.19\Engine\Binaries\DotNET\IOS
[2018.06.25-23.54.15:996][329]LogTemp: BranchPath = DAXX-PC/C/UnrealEngine/UE_4.19/Engine/Binaries --- GameBranchPath = DAXX-PC/C/UnrealEngine/UE_4.19/Engine/Binaries
[2018.06.25-23.54.15:996][329]LogTemp: IPP ERROR: Could not find provision directory 'C:\Users\Daxx\AppData\Local/Apple Computer/MobileDevice/Provisioning Profiles/'.
[2018.06.25-23.54.23:636][964]LogUObjectGlobals: Warning: Failed to find object 'Class /Script/Battle_Tonk.Battle_TonkGameMode'
[2018.06.25-23.54.24:777][ 91]LogSlate: Took 0.000280 seconds to synchronously load lazily loaded font '../../../Engine/Content/Slate/Fonts/Roboto-Light.ttf' (167K)
[2018.06.25-23.54.51:551][868]LogSlate: Window 'Project Settings' being destroyed
[2018.06.25-23.54.51:555][868]LogSlate: Window 'Project Settings' being destroyed
[2018.06.25-23.54.53:307][ 53]LogSavePackage: Save=102.10ms
[2018.06.25-23.54.53:308][ 53]LogSavePackage: Moving '../../../../../Users/Daxx/Documents/GitHub/Battle_Tonk/Battle_Tonk/Saved/Minimal_DefaultFA7BF5B1480F6E0F96CA879D9C99EA78.tmp' to '../../../../../Users/Daxx/Documents/GitHub/Battle_Tonk/Battle_Tonk/Content/StarterContent/Maps/Minimal_Default.umap'
[2018.06.25-23.54.53:314][ 53]LogSavePackage: Display: Finished SavePackage ../../../../../Users/Daxx/Documents/GitHub/Battle_Tonk/Battle_Tonk/Content/StarterContent/Maps/Minimal_Default.umap
[2018.06.25-23.54.53:420][ 53]LogSavePackage: Save=55.79ms
[2018.06.25-23.54.53:420][ 53]LogSavePackage: Moving '../../../../../Users/Daxx/Documents/GitHub/Battle_Tonk/Battle_Tonk/Saved/Minimal_Default_BuiltData488AF21A44B681676D3ADBB426125A45.tmp' to '../../../../../Users/Daxx/Documents/GitHub/Battle_Tonk/Battle_Tonk/Content/StarterContent/Maps/Minimal_Default_BuiltData.uasset'
[2018.06.25-23.54.53:422][ 53]LogSavePackage: Display: Finished SavePackage ../../../../../Users/Daxx/Documents/GitHub/Battle_Tonk/Battle_Tonk/Content/StarterContent/Maps/Minimal_Default_BuiltData.uasset
[2018.06.25-23.58.32:686][464]LogEditorViewport: Clicking on Actor (LMB): StaticMeshActor (Floor)
[2018.06.25-23.58.35:460][783]LogEditorViewport: Clicking on Actor (LMB): StaticMeshActor (Floor)
[2018.06.25-23.58.35:585][796]Cmd: DELETE
[2018.06.25-23.58.35:585][796]Cmd: ACTOR DELETE
[2018.06.25-23.58.35:587][796]LogEditorActor: Deleted Actor: StaticMeshActor
[2018.06.25-23.58.35:597][796]LogEditorActor: Deleted 1 Actors (0.011 secs)
[2018.06.25-23.58.35:864][827]LogEditorViewport: Clicking on Actor (LMB): BP_Sky_Sphere_C (BP_Sky_Sphere)
[2018.06.25-23.58.35:923][828]Cmd: DELETE
[2018.06.25-23.58.35:923][828]Cmd: ACTOR DELETE
[2018.06.25-23.58.35:926][828]LogEditorActor: Deleted Actor: BP_Sky_Sphere_C
[2018.06.25-23.58.35:936][828]LogEditorActor: Deleted 1 Actors (0.013 secs)
[2018.06.25-23.58.36:335][875]LogEditorViewport: Clicking on Actor (LMB): StaticMeshActor (Chair)
[2018.06.25-23.58.37:450][  2]Cmd: TRANSACTION UNDO
[2018.06.25-23.58.37:450][  2]LogEditorTransaction: Undo Clicking on Actors
[2018.06.25-23.58.37:877][ 51]Cmd: TRANSACTION UNDO
[2018.06.25-23.58.37:877][ 51]LogEditorTransaction: Undo Delete Actors
[2018.06.25-23.58.39:766][273]LogEditorViewport: Clicking on Actor (LMB): StaticMeshActor (Chair)
[2018.06.25-23.58.40:488][353]Cmd: DELETE
[2018.06.25-23.58.40:488][353]Cmd: ACTOR DELETE
[2018.06.25-23.58.40:489][353]LogEditorActor: Deleted Actor: StaticMeshActor
[2018.06.25-23.58.40:499][353]LogEditorActor: Deleted 1 Actors (0.010 secs)
[2018.06.25-23.58.40:992][412]LogEditorViewport: Clicking on Actor (LMB): StaticMeshActor (Table)
[2018.06.25-23.58.41:449][461]Cmd: DELETE
[2018.06.25-23.58.41:449][461]Cmd: ACTOR DELETE
[2018.06.25-23.58.41:451][461]LogEditorActor: Deleted Actor: StaticMeshActor
[2018.06.25-23.58.41:460][461]LogEditorActor: Deleted 1 Actors (0.010 secs)
[2018.06.25-23.58.41:945][519]LogEditorViewport: Clicking on Actor (LMB): StaticMeshActor (Chair)
[2018.06.25-23.58.42:480][577]Cmd: DELETE
[2018.06.25-23.58.42:480][577]Cmd: ACTOR DELETE
[2018.06.25-23.58.42:482][577]LogEditorActor: Deleted Actor: StaticMeshActor
[2018.06.25-23.58.42:491][577]LogEditorActor: Deleted 1 Actors (0.011 secs)
[2018.06.25-23.58.43:339][678]LogEditorViewport: Clicking on Actor (LMB): StaticMeshActor (Statue)
[2018.06.25-23.58.43:804][726]Cmd: DELETE
[2018.06.25-23.58.43:804][726]Cmd: ACTOR DELETE
[2018.06.25-23.58.43:805][726]LogEditorActor: Deleted Actor: StaticMeshActor
[2018.06.25-23.58.43:815][726]LogEditorActor: Deleted 1 Actors (0.011 secs)
[2018.06.25-23.58.44:312][785]LogEditorViewport: Clicking on Actor (LMB): StaticMeshActor (Floor)
[2018.06.25-23.58.44:631][817]Cmd: DELETE
[2018.06.25-23.58.44:631][817]Cmd: ACTOR DELETE
[2018.06.25-23.58.44:632][817]LogEditorActor: Deleted Actor: StaticMeshActor
[2018.06.25-23.58.44:641][817]LogEditorActor: Deleted 1 Actors (0.010 secs)
[2018.06.25-23.58.45:406][908]LogEditorViewport: Clicking on Actor (LMB): PlayerStart (Player Start)
[2018.06.25-23.58.46:985][ 93]LogEditorViewport: Clicking on Actor (LMB): SphereReflectionCapture (SphereReflectionCapture)
[2018.06.25-23.58.51:610][446]LogSlate: FSceneViewport::OnFocusLost() reason 2
[2018.06.25-23.59.36:501][564]LogEditorActor: Deleted Actor: SkyLight
[2018.06.25-23.59.36:510][564]LogEditorActor: Deleted 1 Actors (0.011 secs)
[2018.06.25-23.59.37:119][635]LogEditorActor: Deleted Actor: SphereReflectionCapture
[2018.06.25-23.59.37:128][635]LogEditorActor: Deleted 1 Actors (0.010 secs)
[2018.06.25-23.59.38:637][814]LogEditorActor: Deleted Actor: SphereReflectionCapture
[2018.06.25-23.59.38:649][814]LogEditorActor: Deleted 1 Actors (0.013 secs)
[2018.06.25-23.59.42:449][265]LogEditorActor: Deleted Actor: AmbientSound
[2018.06.25-23.59.42:457][265]LogEditorActor: Deleted 1 Actors (0.009 secs)
[2018.06.25-23.59.44:315][481]LogEditorActor: Deleted Actor: PostProcessVolume
[2018.06.25-23.59.44:323][481]LogEditorActor: Deleted 1 Actors (0.010 secs)
[2018.06.25-23.59.51:621][141]LogSavePackage: Save=67.29ms
[2018.06.25-23.59.51:621][141]LogSavePackage: Moving '../../../../../Users/Daxx/Documents/GitHub/Battle_Tonk/Battle_Tonk/Saved/Minimal_Default2DDAE1F647961384E837D08D6C105DB5.tmp' to '../../../../../Users/Daxx/Documents/GitHub/Battle_Tonk/Battle_Tonk/Content/StarterContent/Maps/Minimal_Default.umap'
[2018.06.25-23.59.51:624][141]LogSavePackage: Display: Finished SavePackage ../../../../../Users/Daxx/Documents/GitHub/Battle_Tonk/Battle_Tonk/Content/StarterContent/Maps/Minimal_Default.umap
[2018.06.25-23.59.51:681][141]LogSavePackage: Save=29.57ms
[2018.06.25-23.59.51:681][141]LogSavePackage: Moving '../../../../../Users/Daxx/Documents/GitHub/Battle_Tonk/Battle_Tonk/Saved/Minimal_Default_BuiltDataEF8EBF8E4019797FB964AAAE1244FD86.tmp' to '../../../../../Users/Daxx/Documents/GitHub/Battle_Tonk/Battle_Tonk/Content/StarterContent/Maps/Minimal_Default_BuiltData.uasset'
[2018.06.25-23.59.51:682][141]LogSavePackage: Display: Finished SavePackage ../../../../../Users/Daxx/Documents/GitHub/Battle_Tonk/Battle_Tonk/Content/StarterContent/Maps/Minimal_Default_BuiltData.uasset
[2018.06.25-23.59.59:221][689]LogSlate: FSceneViewport::OnFocusLost() reason 2
[2018.06.26-00.00.32:401][151]LogSlate: FSceneViewport::OnFocusLost() reason 2
[2018.06.26-00.00.32:471][151]LogSavePackage: Save=50.55ms
[2018.06.26-00.00.32:471][151]LogSavePackage: Moving '../../../../../Users/Daxx/Documents/GitHub/Battle_Tonk/Battle_Tonk/Saved/Minimal_Default2990380B4C81D4043EAF0AA2B119CFA0.tmp' to '../../../../../Users/Daxx/Documents/GitHub/Battle_Tonk/Battle_Tonk/Content/StarterContent/Maps/Minimal_Default.umap'
[2018.06.26-00.00.32:473][151]LogSavePackage: Display: Finished SavePackage ../../../../../Users/Daxx/Documents/GitHub/Battle_Tonk/Battle_Tonk/Content/StarterContent/Maps/Minimal_Default.umap
[2018.06.26-00.00.32:530][151]LogSavePackage: Save=26.35ms
[2018.06.26-00.00.32:530][151]LogSavePackage: Moving '../../../../../Users/Daxx/Documents/GitHub/Battle_Tonk/Battle_Tonk/Saved/Minimal_Default_BuiltDataFC8D8E444981C020BC2A18867499E546.tmp' to '../../../../../Users/Daxx/Documents/GitHub/Battle_Tonk/Battle_Tonk/Content/StarterContent/Maps/Minimal_Default_BuiltData.uasset'
[2018.06.26-00.00.32:531][151]LogSavePackage: Display: Finished SavePackage ../../../../../Users/Daxx/Documents/GitHub/Battle_Tonk/Battle_Tonk/Content/StarterContent/Maps/Minimal_Default_BuiltData.uasset
[2018.06.26-00.01.18:884][792]LogSlate: FSceneViewport::OnFocusLost() reason 2
[2018.06.26-00.01.18:949][792]LogSavePackage: Save=51.53ms
[2018.06.26-00.01.18:949][792]LogSavePackage: Moving '../../../../../Users/Daxx/Documents/GitHub/Battle_Tonk/Battle_Tonk/Saved/Minimal_DefaultB86A3DCF4DF6908452A1C0A4FD248CDE.tmp' to '../../../../../Users/Daxx/Documents/GitHub/Battle_Tonk/Battle_Tonk/Content/StarterContent/Maps/Minimal_Default.umap'
[2018.06.26-00.01.18:952][792]LogSavePackage: Display: Finished SavePackage ../../../../../Users/Daxx/Documents/GitHub/Battle_Tonk/Battle_Tonk/Content/StarterContent/Maps/Minimal_Default.umap
[2018.06.26-00.01.19:006][792]LogSavePackage: Save=30.31ms
[2018.06.26-00.01.19:006][792]LogSavePackage: Moving '../../../../../Users/Daxx/Documents/GitHub/Battle_Tonk/Battle_Tonk/Saved/Minimal_Default_BuiltDataE2839C77471ECD19BED3E896B733A3DE.tmp' to '../../../../../Users/Daxx/Documents/GitHub/Battle_Tonk/Battle_Tonk/Content/StarterContent/Maps/Minimal_Default_BuiltData.uasset'
[2018.06.26-00.01.19:007][792]LogSavePackage: Display: Finished SavePackage ../../../../../Users/Daxx/Documents/GitHub/Battle_Tonk/Battle_Tonk/Content/StarterContent/Maps/Minimal_Default_BuiltData.uasset
[2018.06.26-00.01.24:134][398]LogEditorViewport: Clicking on Actor (context menu): BP_Sky_Sphere_C (BP_Sky_Sphere)
[2018.06.26-00.01.24:162][398]LogSlate: FSceneViewport::OnFocusLost() reason 2
[2018.06.26-00.01.27:103][748]LogEditorViewport: Clicking on Actor (LMB): BP_Sky_Sphere_C (BP_Sky_Sphere)
[2018.06.26-00.01.27:560][801]LogSlate: FSceneViewport::OnFocusLost() reason 0
[2018.06.26-00.01.37:994][618]LogEditorViewport: Clicking on Actor (context menu): BP_Sky_Sphere_C (BP_Sky_Sphere)
[2018.06.26-00.01.38:012][618]LogSlate: FSceneViewport::OnFocusLost() reason 2
[2018.06.26-00.01.57:929][945]LogEditorViewport: Clicking on Actor (LMB): BP_Sky_Sphere_C (BP_Sky_Sphere)
[2018.06.26-00.02.04:085][670]LogEditorViewport: Clicking on Actor (context menu): BP_Sky_Sphere_C (BP_Sky_Sphere)
[2018.06.26-00.02.04:105][670]LogSlate: FSceneViewport::OnFocusLost() reason 2
[2018.06.26-00.02.20:059][553]LogEditorViewport: Clicking on Actor (context menu): BP_Sky_Sphere_C (BP_Sky_Sphere)
[2018.06.26-00.02.20:076][553]LogSlate: FSceneViewport::OnFocusLost() reason 2
[2018.06.26-00.02.45:413][895]LogSlate: Window 'Message' being destroyed
[2018.06.26-00.03.22:190][284]Cmd: DELETE
[2018.06.26-00.03.22:190][284]Cmd: ACTOR DELETE
[2018.06.26-00.03.22:191][284]LogEditorActor: Deleted Actor: LevelStreamingVolume
[2018.06.26-00.03.22:199][284]LogEditorActor: Deleted 1 Actors (0.010 secs)
[2018.06.26-00.03.23:841][481]LogSlate: FSceneViewport::OnFocusLost() reason 0
[2018.06.26-00.03.36:867][ 43]LogActorFactory: Actor Factory created Plane
[2018.06.26-00.03.37:167][ 77]LogActorFactory: Actor Factory created Plane
[2018.06.26-00.03.44:769][969]LogSlate: FSceneViewport::OnFocusLost() reason 0
[2018.06.26-00.03.50:068][597]Cmd: CAMERA ALIGN ACTIVEVIEWPORTONLY
[2018.06.26-00.03.51:496][767]Cmd: CAMERA ALIGN ACTIVEVIEWPORTONLY
[2018.06.26-00.03.55:004][176]LogSlate: FSceneViewport::OnFocusLost() reason 0
[2018.06.26-00.04.00:299][802]Cmd: CAMERA ALIGN ACTIVEVIEWPORTONLY
[2018.06.26-00.04.12:779][905]LogSlate: FSceneViewport::OnFocusLost() reason 0
[2018.06.26-00.04.17:196][431]LogMaterial: Missing cached shader map for material LayerVisMaterial, compiling. 
[2018.06.26-00.04.17:222][431]LogShaderCompilers: Display: Shaders left to compile 8
[2018.06.26-00.04.17:222][431]LogMaterial: Missing cached shader map for material SelectBrushMaterial, compiling. 
[2018.06.26-00.04.17:242][431]LogMaterial: Missing cached shader map for material SelectBrushMaterial, compiling. 
[2018.06.26-00.04.17:265][431]LogMaterial: Missing cached shader map for material MaskBrushMaterial, compiling. 
[2018.06.26-00.04.17:290][431]LogMaterial: Missing cached shader map for material LandscapeLayerUsageMaterial, compiling. 
[2018.06.26-00.04.17:333][431]LogMaterial: Missing cached shader map for material CircleBrushMaterial, compiling. 
[2018.06.26-00.04.17:345][431]LogMaterial: Missing cached shader map for material CircleBrushMaterial, compiling. 
[2018.06.26-00.04.17:360][431]LogMaterial: Missing cached shader map for material CircleBrushMaterial, compiling. 
[2018.06.26-00.04.17:375][431]LogMaterial: Missing cached shader map for material CircleBrushMaterial, compiling. 
[2018.06.26-00.04.17:398][431]LogMaterial: Missing cached shader map for material AlphaBrushMaterial, compiling. 
[2018.06.26-00.04.17:413][431]LogShaderCompilers: Display: Shaders left to compile 168
[2018.06.26-00.04.17:413][431]LogShaderCompilers: Display: Shaders left to compile 158
[2018.06.26-00.04.17:413][431]LogShaderCompilers: Display: Shaders left to compile 148
[2018.06.26-00.04.17:413][431]LogMaterial: Missing cached shader map for material CircleBrushMaterial, compiling. 
[2018.06.26-00.04.17:433][431]LogMaterial: Missing cached shader map for material MaskBrushMaterial, compiling. 
[2018.06.26-00.04.17:451][431]LogTexture: Display: Building textures: Texture2D_2 (G8, 128X128)
[2018.06.26-00.04.18:492][539]LogEditorViewport: Clicking on Actor (LMB): StaticMeshActor (Plane)
[2018.06.26-00.04.19:986][661]LogSlate: FSceneViewport::OnFocusLost() reason 0
[2018.06.26-00.04.20:092][666]LogShaderCompilers: Display: Shaders left to compile 178
[2018.06.26-00.04.20:867][734]LogShaderCompilers: Display: Shaders left to compile 168
[2018.06.26-00.04.20:937][740]LogShaderCompilers: Display: Shaders left to compile 158
[2018.06.26-00.04.20:956][741]LogShaderCompilers: Display: Shaders left to compile 148
[2018.06.26-00.04.21:709][813]LogEditorActor: Deleted Actor: LandscapeGizmoActiveActor
[2018.06.26-00.04.21:732][813]LogEditorActor: Deleted 1 Actors (0.026 secs)
[2018.06.26-00.04.22:682][921]LogShaderCompilers: Display: Shaders left to compile 138
[2018.06.26-00.04.23:125][970]LogShaderCompilers: Display: Shaders left to compile 128
[2018.06.26-00.04.23:606][ 26]LogShaderCompilers: Display: Shaders left to compile 118
[2018.06.26-00.04.23:619][ 27]LogShaderCompilers: Display: Shaders left to compile 108
[2018.06.26-00.04.24:274][ 97]LogEditorViewport: Clicking on Actor (LMB): BP_Sky_Sphere_C (BP_Sky_Sphere)
[2018.06.26-00.04.24:917][170]LogEditorViewport: Clicking on Actor (LMB): StaticMeshActor (Plane)
[2018.06.26-00.04.25:703][260]LogSlate: FSceneViewport::OnFocusLost() reason 0
[2018.06.26-00.04.25:708][261]LogShaderCompilers: Display: Shaders left to compile 98
[2018.06.26-00.04.26:042][296]LogShaderCompilers: Display: Shaders left to compile 88
[2018.06.26-00.04.26:512][337]LogShaderCompilers: Display: Shaders left to compile 78
[2018.06.26-00.04.26:547][340]LogShaderCompilers: Display: Shaders left to compile 68
[2018.06.26-00.04.28:459][514]LogShaderCompilers: Display: Shaders left to compile 58
[2018.06.26-00.04.28:744][540]LogShaderCompilers: Display: Shaders left to compile 48
[2018.06.26-00.04.29:257][591]LogShaderCompilers: Display: Shaders left to compile 38
[2018.06.26-00.04.29:300][595]LogShaderCompilers: Display: Shaders left to compile 28
[2018.06.26-00.04.31:271][816]LogShaderCompilers: Display: Shaders left to compile 18
[2018.06.26-00.04.31:541][848]LogShaderCompilers: Display: Shaders left to compile 8
[2018.06.26-00.04.43:004][208]LogEditorActor: Deleted Actor: StaticMeshActor
[2018.06.26-00.04.43:012][208]LogEditorActor: Deleted 1 Actors (0.009 secs)
[2018.06.26-00.04.44:072][335]LogTexture: Display: Building textures: Texture2D_3 (G8, 128X128)
[2018.06.26-00.04.54:371][567]LogEditorViewport: Clicking on Actor (context menu): BP_Sky_Sphere_C (BP_Sky_Sphere)
[2018.06.26-00.04.54:390][567]LogSlate: FSceneViewport::OnFocusLost() reason 2
[2018.06.26-00.05.11:204][574]LogTexture: Display: Building textures: Texture2D_0 (BGRA8, 512X512)
[2018.06.26-00.05.11:222][574]LogMaterial: Missing cached shader map for material WorldGridMaterial, compiling. Is special engine material.
[2018.06.26-00.05.17:730][574]LogShaderCompilers: Display: Shaders left to compile 112
[2018.06.26-00.05.17:730][574]LogShaderCompilers: Display: Shaders left to compile 111
[2018.06.26-00.05.17:730][574]LogShaderCompilers: Display: Shaders left to compile 110
[2018.06.26-00.05.17:730][574]LogShaderCompilers: Display: Shaders left to compile 109
[2018.06.26-00.05.17:730][574]LogShaderCompilers: Display: Shaders left to compile 108
[2018.06.26-00.05.17:730][574]LogShaderCompilers: Display: Shaders left to compile 107
[2018.06.26-00.05.17:730][574]LogShaderCompilers: Display: Shaders left to compile 106
[2018.06.26-00.05.17:730][574]LogShaderCompilers: Display: Shaders left to compile 105
[2018.06.26-00.05.17:731][574]LogShaderCompilers: Display: Shaders left to compile 104
[2018.06.26-00.05.17:731][574]LogShaderCompilers: Display: Shaders left to compile 103
[2018.06.26-00.05.17:731][574]LogShaderCompilers: Display: Shaders left to compile 102
[2018.06.26-00.05.17:731][574]LogShaderCompilers: Display: Shaders left to compile 101
[2018.06.26-00.05.17:731][574]LogShaderCompilers: Display: Shaders left to compile 100
[2018.06.26-00.05.17:731][574]LogShaderCompilers: Display: Shaders left to compile 99
[2018.06.26-00.05.17:731][574]LogShaderCompilers: Display: Shaders left to compile 98
[2018.06.26-00.05.17:731][574]LogShaderCompilers: Display: Shaders left to compile 97
[2018.06.26-00.05.17:731][574]LogShaderCompilers: Display: Shaders left to compile 96
[2018.06.26-00.05.17:731][574]LogShaderCompilers: Display: Shaders left to compile 95
[2018.06.26-00.05.17:731][574]LogShaderCompilers: Display: Shaders left to compile 94
[2018.06.26-00.05.17:731][574]LogShaderCompilers: Display: Shaders left to compile 93
[2018.06.26-00.05.17:731][574]LogShaderCompilers: Display: Shaders left to compile 92
[2018.06.26-00.05.17:731][574]LogShaderCompilers: Display: Shaders left to compile 91
[2018.06.26-00.05.17:731][574]LogShaderCompilers: Display: Shaders left to compile 90
[2018.06.26-00.05.17:731][574]LogShaderCompilers: Display: Shaders left to compile 89
[2018.06.26-00.05.17:731][574]LogShaderCompilers: Display: Shaders left to compile 88
[2018.06.26-00.05.17:731][574]LogShaderCompilers: Display: Shaders left to compile 87
[2018.06.26-00.05.17:731][574]LogShaderCompilers: Display: Shaders left to compile 86
[2018.06.26-00.05.17:731][574]LogShaderCompilers: Display: Shaders left to compile 85
[2018.06.26-00.05.17:731][574]LogShaderCompilers: Display: Shaders left to compile 84
[2018.06.26-00.05.17:731][574]LogShaderCompilers: Display: Shaders left to compile 83
[2018.06.26-00.05.17:731][574]LogShaderCompilers: Display: Shaders left to compile 82
[2018.06.26-00.05.17:731][574]LogShaderCompilers: Display: Shaders left to compile 81
[2018.06.26-00.05.17:731][574]LogShaderCompilers: Display: Shaders left to compile 80
[2018.06.26-00.05.17:731][574]LogShaderCompilers: Display: Shaders left to compile 79
[2018.06.26-00.05.17:731][574]LogShaderCompilers: Display: Shaders left to compile 78
[2018.06.26-00.05.17:731][574]LogShaderCompilers: Display: Shaders left to compile 77
[2018.06.26-00.05.17:731][574]LogShaderCompilers: Display: Shaders left to compile 76
[2018.06.26-00.05.17:731][574]LogShaderCompilers: Display: Shaders left to compile 75
[2018.06.26-00.05.17:731][574]LogShaderCompilers: Display: Shaders left to compile 74
[2018.06.26-00.05.17:731][574]LogShaderCompilers: Display: Shaders left to compile 73
[2018.06.26-00.05.17:731][574]LogShaderCompilers: Display: Shaders left to compile 72
[2018.06.26-00.05.17:731][574]LogShaderCompilers: Display: Shaders left to compile 71
[2018.06.26-00.05.17:731][574]LogShaderCompilers: Display: Shaders left to compile 70
[2018.06.26-00.05.17:731][574]LogShaderCompilers: Display: Shaders left to compile 69
[2018.06.26-00.05.17:731][574]LogShaderCompilers: Display: Shaders left to compile 68
[2018.06.26-00.05.17:731][574]LogShaderCompilers: Display: Shaders left to compile 67
[2018.06.26-00.05.17:731][574]LogShaderCompilers: Display: Shaders left to compile 66
[2018.06.26-00.05.17:731][574]LogShaderCompilers: Display: Shaders left to compile 65
[2018.06.26-00.05.17:731][574]LogShaderCompilers: Display: Shaders left to compile 64
[2018.06.26-00.05.17:731][574]LogShaderCompilers: Display: Shaders left to compile 63
[2018.06.26-00.05.17:731][574]LogShaderCompilers: Display: Shaders left to compile 62
[2018.06.26-00.05.17:731][574]LogShaderCompilers: Display: Shaders left to compile 61
[2018.06.26-00.05.17:731][574]LogShaderCompilers: Display: Shaders left to compile 60
[2018.06.26-00.05.17:731][574]LogShaderCompilers: Display: Shaders left to compile 59
[2018.06.26-00.05.17:731][574]LogShaderCompilers: Display: Shaders left to compile 58
[2018.06.26-00.05.17:731][574]LogShaderCompilers: Display: Shaders left to compile 57
[2018.06.26-00.05.17:731][574]LogShaderCompilers: Display: Shaders left to compile 56
[2018.06.26-00.05.17:731][574]LogShaderCompilers: Display: Shaders left to compile 55
[2018.06.26-00.05.17:731][574]LogShaderCompilers: Display: Shaders left to compile 54
[2018.06.26-00.05.17:731][574]LogShaderCompilers: Display: Shaders left to compile 53
[2018.06.26-00.05.17:731][574]LogShaderCompilers: Display: Shaders left to compile 52
[2018.06.26-00.05.17:731][574]LogShaderCompilers: Display: Shaders left to compile 51
[2018.06.26-00.05.17:731][574]LogShaderCompilers: Display: Shaders left to compile 50
[2018.06.26-00.05.17:731][574]LogShaderCompilers: Display: Shaders left to compile 49
[2018.06.26-00.05.17:731][574]LogShaderCompilers: Display: Shaders left to compile 48
[2018.06.26-00.05.17:731][574]LogShaderCompilers: Display: Shaders left to compile 47
[2018.06.26-00.05.17:731][574]LogShaderCompilers: Display: Shaders left to compile 46
[2018.06.26-00.05.17:731][574]LogShaderCompilers: Display: Shaders left to compile 45
[2018.06.26-00.05.17:731][574]LogShaderCompilers: Display: Shaders left to compile 44
[2018.06.26-00.05.17:731][574]LogShaderCompilers: Display: Shaders left to compile 43
[2018.06.26-00.05.17:731][574]LogShaderCompilers: Display: Shaders left to compile 42
[2018.06.26-00.05.17:732][574]LogShaderCompilers: Display: Shaders left to compile 41
[2018.06.26-00.05.17:732][574]LogShaderCompilers: Display: Shaders left to compile 40
[2018.06.26-00.05.17:732][574]LogShaderCompilers: Display: Shaders left to compile 39
[2018.06.26-00.05.17:732][574]LogShaderCompilers: Display: Shaders left to compile 38
[2018.06.26-00.05.17:732][574]LogShaderCompilers: Display: Shaders left to compile 37
[2018.06.26-00.05.17:732][574]LogShaderCompilers: Display: Shaders left to compile 36
[2018.06.26-00.05.17:732][574]LogShaderCompilers: Display: Shaders left to compile 35
[2018.06.26-00.05.17:732][574]LogShaderCompilers: Display: Shaders left to compile 34
[2018.06.26-00.05.17:732][574]LogShaderCompilers: Display: Shaders left to compile 33
[2018.06.26-00.05.17:732][574]LogShaderCompilers: Display: Shaders left to compile 32
[2018.06.26-00.05.17:732][574]LogShaderCompilers: Display: Shaders left to compile 31
[2018.06.26-00.05.17:732][574]LogShaderCompilers: Display: Shaders left to compile 30
[2018.06.26-00.05.17:732][574]LogShaderCompilers: Display: Shaders left to compile 29
[2018.06.26-00.05.17:732][574]LogShaderCompilers: Display: Shaders left to compile 28
[2018.06.26-00.05.17:732][574]LogShaderCompilers: Display: Shaders left to compile 27
[2018.06.26-00.05.17:732][574]LogShaderCompilers: Display: Shaders left to compile 26
[2018.06.26-00.05.17:732][574]LogShaderCompilers: Display: Shaders left to compile 25
[2018.06.26-00.05.17:732][574]LogShaderCompilers: Display: Shaders left to compile 24
[2018.06.26-00.05.17:732][574]LogShaderCompilers: Display: Shaders left to compile 23
[2018.06.26-00.05.17:732][574]LogShaderCompilers: Display: Shaders left to compile 22
[2018.06.26-00.05.17:732][574]LogShaderCompilers: Display: Shaders left to compile 21
[2018.06.26-00.05.17:732][574]LogShaderCompilers: Display: Shaders left to compile 20
[2018.06.26-00.05.17:732][574]LogShaderCompilers: Display: Shaders left to compile 19
[2018.06.26-00.05.17:732][574]LogShaderCompilers: Display: Shaders left to compile 18
[2018.06.26-00.05.17:732][574]LogShaderCompilers: Display: Shaders left to compile 17
[2018.06.26-00.05.17:732][574]LogShaderCompilers: Display: Shaders left to compile 16
[2018.06.26-00.05.17:732][574]LogShaderCompilers: Display: Shaders left to compile 15
[2018.06.26-00.05.17:732][574]LogShaderCompilers: Display: Shaders left to compile 14
[2018.06.26-00.05.17:732][574]LogShaderCompilers: Display: Shaders left to compile 13
[2018.06.26-00.05.17:732][574]LogShaderCompilers: Display: Shaders left to compile 12
[2018.06.26-00.05.17:732][574]LogShaderCompilers: Display: Shaders left to compile 11
[2018.06.26-00.05.17:732][574]LogShaderCompilers: Display: Shaders left to compile 10
[2018.06.26-00.05.17:732][574]LogShaderCompilers: Display: Shaders left to compile 9
[2018.06.26-00.05.17:732][574]LogShaderCompilers: Display: Shaders left to compile 8
[2018.06.26-00.05.17:732][574]LogShaderCompilers: Display: Shaders left to compile 7
[2018.06.26-00.05.17:732][574]LogShaderCompilers: Display: Shaders left to compile 6
[2018.06.26-00.05.17:732][574]LogShaderCompilers: Display: Shaders left to compile 5
[2018.06.26-00.05.17:732][574]LogShaderCompilers: Display: Shaders left to compile 4
[2018.06.26-00.05.17:732][574]LogShaderCompilers: Display: Shaders left to compile 3
[2018.06.26-00.05.17:732][574]LogShaderCompilers: Display: Shaders left to compile 2
[2018.06.26-00.05.17:732][574]LogShaderCompilers: Display: Shaders left to compile 1
[2018.06.26-00.05.20:064][845]LogSlate: FSceneViewport::OnFocusLost() reason 0
[2018.06.26-00.05.20:776][926]Cmd: CAMERA ALIGN ACTIVEVIEWPORTONLY
[2018.06.26-00.05.41:346][354]LogSlate: FSceneViewport::OnFocusLost() reason 0
[2018.06.26-00.05.41:646][390]Cmd: CAMERA ALIGN ACTIVEVIEWPORTONLY
[2018.06.26-00.05.46:778][997]Cmd: CAMERA ALIGN ACTIVEVIEWPORTONLY
[2018.06.26-00.05.49:282][294]LogNavigationPoint: PostEditMove Clear paths rebuilt
[2018.06.26-00.05.49:769][350]LogSlate: FSceneViewport::OnFocusLost() reason 0
[2018.06.26-00.05.49:843][359]LogTemp: Repeating last play command: Selected Viewport
[2018.06.26-00.05.49:857][359]LogBlueprintUserMessages: Early PlayInEditor Detection: Level '/Game/StarterContent/Maps/Minimal_Default.Minimal_Default:PersistentLevel' has LevelScriptBlueprint '/Game/StarterContent/Maps/Minimal_Default.Minimal_Default:PersistentLevel.Minimal_Default' with GeneratedClass '/Game/StarterContent/Maps/Minimal_Default.Minimal_Default_C' with ClassGeneratedBy '/Game/StarterContent/Maps/Minimal_Default.Minimal_Default:PersistentLevel.Minimal_Default'
[2018.06.26-00.05.49:857][359]LogPlayLevel: PlayLevel: No blueprints needed recompiling
[2018.06.26-00.05.49:857][359]PIE: New page: PIE session: Minimal_Default (Jun 25, 2018, 10:05:49 AM)
[2018.06.26-00.05.49:857][359]LogPlayLevel: Creating play world package: /Game/StarterContent/Maps/UEDPIE_0_Minimal_Default
[2018.06.26-00.05.49:866][359]LogPlayLevel: PIE: StaticDuplicateObject took: (0.009152s)
[2018.06.26-00.05.49:867][359]LogAIModule: Creating AISystem for world Minimal_Default
[2018.06.26-00.05.49:867][359]LogPlayLevel: PIE: World Init took: (0.000820s)
[2018.06.26-00.05.49:867][359]LogPlayLevel: PIE: Created PIE world by copying editor world from /Game/StarterContent/Maps/Minimal_Default.Minimal_Default to /Game/StarterContent/Maps/UEDPIE_0_Minimal_Default.Minimal_Default (0.010172s)
[2018.06.26-00.05.49:896][359]LogInit: XAudio2 using 'Headset Earphone (ASTRO Wireless Transmitter )' : 2 channels at 48 kHz using 16 bits per sample (channel mask 0x3)
[2018.06.26-00.05.49:903][359]LogInit: FAudioDevice initialized.
[2018.06.26-00.05.49:944][359]LogLoad: Game class is 'GameModeBase'
[2018.06.26-00.05.49:946][359]LogWorld: Bringing World /Game/StarterContent/Maps/UEDPIE_0_Minimal_Default.Minimal_Default up for play (max tick rate 0) at 2018.06.25-17.05.49
[2018.06.26-00.05.49:947][359]LogWorld: Bringing up level for play took: 0.001746
[2018.06.26-00.05.49:951][359]LogContentBrowser: Native class hierarchy updated for 'MovieSceneCapture' in 0.0006 seconds. Added 11 classes and 0 folders.
[2018.06.26-00.05.49:952][359]PIE: Play in editor start time for /Game/StarterContent/Maps/UEDPIE_0_Minimal_Default -0.036
[2018.06.26-00.05.49:952][359]LogBlueprintUserMessages: Late PlayInEditor Detection: Level '/Game/StarterContent/Maps/Minimal_Default.Minimal_Default:PersistentLevel' has LevelScriptBlueprint '/Game/StarterContent/Maps/Minimal_Default.Minimal_Default:PersistentLevel.Minimal_Default' with GeneratedClass '/Game/StarterContent/Maps/Minimal_Default.Minimal_Default_C' with ClassGeneratedBy '/Game/StarterContent/Maps/Minimal_Default.Minimal_Default:PersistentLevel.Minimal_Default'
[2018.06.26-00.05.56:310][119]LogBlueprintUserMessages: Early EndPlayMap Detection: Level '/Game/StarterContent/Maps/Minimal_Default.Minimal_Default:PersistentLevel' has LevelScriptBlueprint '/Game/StarterContent/Maps/Minimal_Default.Minimal_Default:PersistentLevel.Minimal_Default' with GeneratedClass '/Game/StarterContent/Maps/Minimal_Default.Minimal_Default_C' with ClassGeneratedBy '/Game/StarterContent/Maps/Minimal_Default.Minimal_Default:PersistentLevel.Minimal_Default'
[2018.06.26-00.05.56:341][119]LogBlueprintUserMessages: Late EndPlayMap Detection: Level '/Game/StarterContent/Maps/Minimal_Default.Minimal_Default:PersistentLevel' has LevelScriptBlueprint '/Game/StarterContent/Maps/Minimal_Default.Minimal_Default:PersistentLevel.Minimal_Default' with GeneratedClass '/Game/StarterContent/Maps/Minimal_Default.Minimal_Default_C' with ClassGeneratedBy '/Game/StarterContent/Maps/Minimal_Default.Minimal_Default:PersistentLevel.Minimal_Default'
[2018.06.26-00.05.58:842][396]LogSlate: FSceneViewport::OnFocusLost() reason 0
[2018.06.26-00.06.16:701][463]LogSlate: FSceneViewport::OnFocusLost() reason 0
[2018.06.26-00.06.16:775][472]LogTemp: Repeating last play command: Selected Viewport
[2018.06.26-00.06.16:790][472]LogBlueprintUserMessages: Early PlayInEditor Detection: Level '/Game/StarterContent/Maps/Minimal_Default.Minimal_Default:PersistentLevel' has LevelScriptBlueprint '/Game/StarterContent/Maps/Minimal_Default.Minimal_Default:PersistentLevel.Minimal_Default' with GeneratedClass '/Game/StarterContent/Maps/Minimal_Default.Minimal_Default_C' with ClassGeneratedBy '/Game/StarterContent/Maps/Minimal_Default.Minimal_Default:PersistentLevel.Minimal_Default'
[2018.06.26-00.06.16:790][472]LogPlayLevel: PlayLevel: No blueprints needed recompiling
[2018.06.26-00.06.16:790][472]PIE: New page: PIE session: Minimal_Default (Jun 25, 2018, 10:06:16 AM)
[2018.06.26-00.06.16:790][472]LogPlayLevel: Creating play world package: /Game/StarterContent/Maps/UEDPIE_0_Minimal_Default
[2018.06.26-00.06.16:799][472]LogPlayLevel: PIE: StaticDuplicateObject took: (0.009071s)
[2018.06.26-00.06.16:800][472]LogAIModule: Creating AISystem for world Minimal_Default
[2018.06.26-00.06.16:800][472]LogPlayLevel: PIE: World Init took: (0.000685s)
[2018.06.26-00.06.16:800][472]LogPlayLevel: PIE: Created PIE world by copying editor world from /Game/StarterContent/Maps/Minimal_Default.Minimal_Default to /Game/StarterContent/Maps/UEDPIE_0_Minimal_Default.Minimal_Default (0.009932s)
[2018.06.26-00.06.16:832][472]LogInit: XAudio2 using 'Headset Earphone (ASTRO Wireless Transmitter )' : 2 channels at 48 kHz using 16 bits per sample (channel mask 0x3)
[2018.06.26-00.06.16:839][472]LogInit: FAudioDevice initialized.
[2018.06.26-00.06.16:868][472]LogLoad: Game class is 'GameModeBase'
[2018.06.26-00.06.16:870][472]LogWorld: Bringing World /Game/StarterContent/Maps/UEDPIE_0_Minimal_Default.Minimal_Default up for play (max tick rate 0) at 2018.06.25-17.06.16
[2018.06.26-00.06.16:870][472]LogWorld: Bringing up level for play took: 0.001765
[2018.06.26-00.06.16:871][472]PIE: Play in editor start time for /Game/StarterContent/Maps/UEDPIE_0_Minimal_Default 0.882
[2018.06.26-00.06.16:871][472]LogBlueprintUserMessages: Late PlayInEditor Detection: Level '/Game/StarterContent/Maps/Minimal_Default.Minimal_Default:PersistentLevel' has LevelScriptBlueprint '/Game/StarterContent/Maps/Minimal_Default.Minimal_Default:PersistentLevel.Minimal_Default' with GeneratedClass '/Game/StarterContent/Maps/Minimal_Default.Minimal_Default_C' with ClassGeneratedBy '/Game/StarterContent/Maps/Minimal_Default.Minimal_Default:PersistentLevel.Minimal_Default'
[2018.06.26-00.06.34:732][614]LogBlueprintUserMessages: Early EndPlayMap Detection: Level '/Game/StarterContent/Maps/Minimal_Default.Minimal_Default:PersistentLevel' has LevelScriptBlueprint '/Game/StarterContent/Maps/Minimal_Default.Minimal_Default:PersistentLevel.Minimal_Default' with GeneratedClass '/Game/StarterContent/Maps/Minimal_Default.Minimal_Default_C' with ClassGeneratedBy '/Game/StarterContent/Maps/Minimal_Default.Minimal_Default:PersistentLevel.Minimal_Default'
[2018.06.26-00.06.34:767][614]LogBlueprintUserMessages: Late EndPlayMap Detection: Level '/Game/StarterContent/Maps/Minimal_Default.Minimal_Default:PersistentLevel' has LevelScriptBlueprint '/Game/StarterContent/Maps/Minimal_Default.Minimal_Default:PersistentLevel.Minimal_Default' with GeneratedClass '/Game/StarterContent/Maps/Minimal_Default.Minimal_Default_C' with ClassGeneratedBy '/Game/StarterContent/Maps/Minimal_Default.Minimal_Default:PersistentLevel.Minimal_Default'
[2018.06.26-00.06.37:128][884]LogSlate: FSceneViewport::OnFocusLost() reason 2
[2018.06.26-00.06.37:198][884]LogTexture: Display: Building textures: Texture2D_0 (BGRA8, 512X512)
[2018.06.26-00.06.37:398][884]LogSavePackage: Save=252.30ms
[2018.06.26-00.06.37:398][884]LogSavePackage: Moving '../../../../../Users/Daxx/Documents/GitHub/Battle_Tonk/Battle_Tonk/Saved/Minimal_DefaultB3141A104B70F2DC1136219D25FCB6B8.tmp' to '../../../../../Users/Daxx/Documents/GitHub/Battle_Tonk/Battle_Tonk/Content/StarterContent/Maps/Minimal_Default.umap'
[2018.06.26-00.06.37:402][884]LogSavePackage: Display: Finished SavePackage ../../../../../Users/Daxx/Documents/GitHub/Battle_Tonk/Battle_Tonk/Content/StarterContent/Maps/Minimal_Default.umap
[2018.06.26-00.06.37:489][884]LogSavePackage: Save=32.11ms
[2018.06.26-00.06.37:489][884]LogSavePackage: Moving '../../../../../Users/Daxx/Documents/GitHub/Battle_Tonk/Battle_Tonk/Saved/Minimal_Default_BuiltData11BF3E024429CA4CB122428049AE6879.tmp' to '../../../../../Users/Daxx/Documents/GitHub/Battle_Tonk/Battle_Tonk/Content/StarterContent/Maps/Minimal_Default_BuiltData.uasset'
[2018.06.26-00.06.37:490][884]LogSavePackage: Display: Finished SavePackage ../../../../../Users/Daxx/Documents/GitHub/Battle_Tonk/Battle_Tonk/Content/StarterContent/Maps/Minimal_Default_BuiltData.uasset
